<?xml version="1.0" encoding="UTF-8"?>
<!-- Generated by org.testng.reporters.JUnitXMLReporter -->
<testsuite ignored="0" hostname="ASIT" failures="0" tests="4" name="Default test" time="4.802" errors="0" timestamp="2023-10-28T12:46:04 GMT-04:00">
  <testcase classname="api.TestCases.UserTest" name="testCreateUser" time="3.066"/>
  <testcase classname="api.TestCases.UserTest" name="testGetUserData" time="0.359"/>
  <testcase classname="api.TestCases.UserTest" name="testUpdateUser" time="0.534"/>
  <testcase classname="api.TestCases.UserTest" name="testDeleteUser" time="0.268"/>
</testsuite> <!-- Default test -->
