<?xml version="1.0" encoding="UTF-8"?>
<!-- Generated by org.testng.reporters.JUnitXMLReporter -->
<testsuite ignored="0" hostname="ASIT" failures="0" tests="4" name="Test" time="4.311" errors="0" timestamp="2023-10-28T14:41:55 GMT-04:00">
  <testcase classname="api.TestCases.UserTest" name="testCreateUser" time="2.26"/>
  <testcase classname="api.TestCases.UserTest" name="testGetUserData" time="0.272"/>
  <testcase classname="api.TestCases.UserTest" name="testUpdateUser" time="0.469"/>
  <testcase classname="api.TestCases.UserTest" name="testDeleteUser" time="0.219"/>
</testsuite> <!-- Test -->
