<?xml version="1.0" encoding="UTF-8"?>
<testng-results ignored="0" total="4" passed="4" failed="0" skipped="0">
  <reporter-output>
  </reporter-output>
  <suite started-at="2023-10-28T14:41:51 GMT-04:00" name="Suite" finished-at="2023-10-28T14:41:55 GMT-04:00" duration-ms="4311">
    <groups>
    </groups>
    <test started-at="2023-10-28T14:41:51 GMT-04:00" name="Test" finished-at="2023-10-28T14:41:55 GMT-04:00" duration-ms="4311">
      <class name="api.TestCases.UserTest">
        <test-method is-config="true" signature="generateTestData()[pri:0, instance:api.TestCases.UserTest@2e6a8155]" started-at="2023-10-28T14:41:51 GMT-04:00" name="generateTestData" finished-at="2023-10-28T14:41:52 GMT-04:00" duration-ms="744" status="PASS">
          <reporter-output>
          </reporter-output>
        </test-method> <!-- generateTestData -->
        <test-method signature="testCreateUser()[pri:1, instance:api.TestCases.UserTest@2e6a8155]" started-at="2023-10-28T14:41:52 GMT-04:00" name="testCreateUser" finished-at="2023-10-28T14:41:54 GMT-04:00" duration-ms="2260" status="PASS">
          <reporter-output>
          </reporter-output>
        </test-method> <!-- testCreateUser -->
        <test-method signature="testGetUserData()[pri:2, instance:api.TestCases.UserTest@2e6a8155]" started-at="2023-10-28T14:41:54 GMT-04:00" name="testGetUserData" finished-at="2023-10-28T14:41:54 GMT-04:00" duration-ms="272" status="PASS">
          <reporter-output>
          </reporter-output>
        </test-method> <!-- testGetUserData -->
        <test-method signature="testUpdateUser()[pri:3, instance:api.TestCases.UserTest@2e6a8155]" started-at="2023-10-28T14:41:54 GMT-04:00" name="testUpdateUser" finished-at="2023-10-28T14:41:55 GMT-04:00" duration-ms="469" status="PASS">
          <reporter-output>
          </reporter-output>
        </test-method> <!-- testUpdateUser -->
        <test-method signature="testDeleteUser()[pri:4, instance:api.TestCases.UserTest@2e6a8155]" started-at="2023-10-28T14:41:55 GMT-04:00" name="testDeleteUser" finished-at="2023-10-28T14:41:55 GMT-04:00" duration-ms="219" status="PASS">
          <reporter-output>
          </reporter-output>
        </test-method> <!-- testDeleteUser -->
      </class> <!-- api.TestCases.UserTest -->
    </test> <!-- Test -->
  </suite> <!-- Suite -->
</testng-results>
